[Sun Apr 12 15:59:36 2026] Thread-1: START: Write to report.txt
[Sun Apr 12 15:59:37 2026] Thread-1: DONE: Write to report.txt (SUCCESS)
[Sun Apr 12 15:59:37 2026] Thread-2: START: Read of report.txt
[Sun Apr 12 15:59:37 2026] Thread-3: START: Read of report.txt
[Sun Apr 12 15:59:37 2026] Thread-4: START: Meta of report.txt
[Sun Apr 12 15:59:37 2026] Thread-4: DONE: Meta (SUCCESS)
[Sun Apr 12 15:59:39 2026] Thread-3: DONE: Read report.txt (SUCCESS)
[Sun Apr 12 15:59:39 2026] Thread-2: DONE: Read report.txt (SUCCESS)
[Sun Apr 12 15:59:39 2026] Thread-5: START: Copy report.txt to backup.txt
[Sun Apr 12 15:59:39 2026] Thread-5: DONE: Copy (SUCCESS)
[Sun Apr 12 15:59:39 2026] Thread-6: START: Rename report.txt to final_report.txt
[Sun Apr 12 15:59:39 2026] Thread-6: DONE: Rename (SUCCESS)
[Sun Apr 12 15:59:45 2026] Thread-7: START: Delete backup.txt
[Sun Apr 12 15:59:45 2026] Thread-7: DONE: Delete backup.txt (SUCCESS)
[Sun Apr 12 15:59:45 2026] Thread-8: START: Delete final_report.txt
[Sun Apr 12 15:59:45 2026] Thread-8: DONE: Delete final_report.txt (SUCCESS)
[Sun Apr 12 18:37:32 2026] Thread-0: Dispatched worker thread for request.
[Sun Apr 12 18:37:32 2026] Thread-1: START: Write to test_file.txt
[Sun Apr 12 18:37:33 2026] Thread-1: DONE: Write to test_file.txt (SUCCESS)
[Sun Apr 12 18:40:02 2026] Thread-0: Dispatched worker thread for request.
[Sun Apr 12 18:40:02 2026] Thread-2: START: Write to master.txt
[Sun Apr 12 18:40:03 2026] Thread-2: DONE: Write to master.txt (SUCCESS)
[Sun Apr 12 18:40:04 2026] Thread-0: Dispatched worker thread for request.
[Sun Apr 12 18:40:04 2026] Thread-3: START: Read of master.txt
[Sun Apr 12 18:40:04 2026] Thread-0: Dispatched worker thread for request.
[Sun Apr 12 18:40:04 2026] Thread-4: START: Read of master.txt
[Sun Apr 12 18:40:04 2026] Thread-0: Dispatched worker thread for request.
[Sun Apr 12 18:40:04 2026] Thread-5: START: Read of master.txt
[Sun Apr 12 18:40:06 2026] Thread-3: DONE: Read master.txt (SUCCESS)
[Sun Apr 12 18:40:06 2026] Thread-4: DONE: Read master.txt (SUCCESS)
[Sun Apr 12 18:40:06 2026] Thread-5: DONE: Read master.txt (SUCCESS)
[Sun Apr 12 18:40:07 2026] Thread-0: Dispatched worker thread for request.
[Sun Apr 12 18:40:07 2026] Thread-6: START: Meta of master.txt
[Sun Apr 12 18:40:07 2026] Thread-6: DONE: Meta (SUCCESS)
[Sun Apr 12 18:40:08 2026] Thread-0: Dispatched worker thread for request.
[Sun Apr 12 18:40:08 2026] Thread-7: START: Copy master.txt to copy_of_master.txt
[Sun Apr 12 18:40:08 2026] Thread-7: DONE: Copy (SUCCESS)
[Sun Apr 12 18:40:10 2026] Thread-0: Dispatched worker thread for request.
[Sun Apr 12 18:40:10 2026] Thread-8: START: Rename copy_of_master.txt to final_test.txt
[Sun Apr 12 18:40:10 2026] Thread-8: DONE: Rename (SUCCESS)
[Sun Apr 12 18:40:12 2026] Thread-0: Dispatched worker thread for request.
[Sun Apr 12 18:40:12 2026] Thread-9: START: Delete master.txt
[Sun Apr 12 18:40:12 2026] Thread-9: DONE: Delete master.txt (SUCCESS)
[Sun Apr 12 18:57:12 2026] Thread-0: Dispatched worker thread for request.
[Sun Apr 12 18:57:12 2026] Thread-1: START: Write to master.txt
[Sun Apr 12 18:57:13 2026] Thread-1: DONE: Write to master.txt (SUCCESS)
[Sun Apr 12 18:57:14 2026] Thread-0: Dispatched worker thread for request.
[Sun Apr 12 18:57:14 2026] Thread-2: START: Read of master.txt
[Sun Apr 12 18:57:14 2026] Thread-0: Dispatched worker thread for request.
[Sun Apr 12 18:57:14 2026] Thread-3: START: Read of master.txt
[Sun Apr 12 18:57:14 2026] Thread-0: Dispatched worker thread for request.
[Sun Apr 12 18:57:14 2026] Thread-4: START: Read of master.txt
[Sun Apr 12 18:57:16 2026] Thread-2: DONE: Read master.txt (SUCCESS)
[Sun Apr 12 18:57:16 2026] Thread-3: DONE: Read master.txt (SUCCESS)
[Sun Apr 12 18:57:16 2026] Thread-4: DONE: Read master.txt (SUCCESS)
[Sun Apr 12 18:57:17 2026] Thread-0: Dispatched worker thread for request.
[Sun Apr 12 18:57:17 2026] Thread-5: START: Meta of master.txt
[Sun Apr 12 18:57:17 2026] Thread-5: DONE: Meta (SUCCESS)
[Sun Apr 12 18:57:18 2026] Thread-0: Dispatched worker thread for request.
[Sun Apr 12 18:57:18 2026] Thread-6: START: Copy master.txt to copy_of_master.txt
[Sun Apr 12 18:57:18 2026] Thread-6: DONE: Copy (SUCCESS)
[Sun Apr 12 18:57:20 2026] Thread-0: Dispatched worker thread for request.
[Sun Apr 12 18:57:20 2026] Thread-7: START: Rename copy_of_master.txt to final_test.txt
[Sun Apr 12 18:57:20 2026] Thread-7: DONE: Rename (SUCCESS)
[Sun Apr 12 18:57:22 2026] Thread-0: Dispatched worker thread for request.
[Sun Apr 12 18:57:22 2026] Thread-8: START: Delete master.txt
[Sun Apr 12 18:57:22 2026] Thread-8: DONE: Delete master.txt (SUCCESS)
[Sun Apr 12 19:15:32 2026] Thread-0: Dispatched worker thread for request.
[Sun Apr 12 19:15:32 2026] Thread-1: START: Decompressing master.txt
[Sun Apr 12 19:15:32 2026] Thread-1: DONE: Decompression (FAILED)
[Sun Apr 12 19:15:34 2026] Thread-0: Dispatched worker thread for request.
[Sun Apr 12 19:15:34 2026] Thread-2: START: Compressing master.txt
[Sun Apr 12 19:15:34 2026] Thread-0: Dispatched worker thread for request.
[Sun Apr 12 19:15:34 2026] Thread-3: START: Compressing master.txt
[Sun Apr 12 19:15:34 2026] Thread-0: Dispatched worker thread for request.
[Sun Apr 12 19:15:34 2026] Thread-4: START: Compressing master.txt
[Sun Apr 12 19:15:34 2026] Thread-3: DONE: Compression (FAILED)
[Sun Apr 12 19:15:34 2026] Thread-2: DONE: Compression (FAILED)
[Sun Apr 12 19:15:34 2026] Thread-4: DONE: Compression (FAILED)
[Sun Apr 12 19:15:37 2026] Thread-0: Dispatched worker thread for request.
[Sun Apr 12 19:15:37 2026] Thread-5: START: Rename master.txt to 
[Sun Apr 12 19:15:37 2026] Thread-5: DONE: Rename (FAILED)
[Sun Apr 12 19:15:38 2026] Thread-0: Dispatched worker thread for request.
[Sun Apr 12 19:15:38 2026] Thread-6: START: Delete master.txt
[Sun Apr 12 19:15:38 2026] Thread-6: DONE: Delete master.txt (FAILED)
[Sun Apr 12 19:15:40 2026] Thread-0: Dispatched worker thread for request.
[Sun Apr 12 19:15:40 2026] Thread-7: START: Write to copy_of_master.txt
[Sun Apr 12 19:15:41 2026] Thread-7: DONE: Write to copy_of_master.txt (SUCCESS)
[Sun Apr 12 19:15:42 2026] Thread-0: Dispatched worker thread for request.
[Sun Apr 12 19:15:42 2026] Thread-8: START: Read of master.txt
[Sun Apr 12 19:15:44 2026] Thread-8: DONE: Read (FAILED)
[Sun Apr 12 19:21:02 2026] Thread-0: Dispatched worker thread for request.
[Sun Apr 12 19:21:02 2026] Thread-1: START: Write to master.txt
[Sun Apr 12 19:21:03 2026] Thread-1: DONE: Write to master.txt (SUCCESS)
[Sun Apr 12 19:21:04 2026] Thread-0: Dispatched worker thread for request.
[Sun Apr 12 19:21:04 2026] Thread-2: START: Read of master.txt
[Sun Apr 12 19:21:04 2026] Thread-0: Dispatched worker thread for request.
[Sun Apr 12 19:21:04 2026] Thread-3: START: Read of master.txt
[Sun Apr 12 19:21:04 2026] Thread-0: Dispatched worker thread for request.
[Sun Apr 12 19:21:04 2026] Thread-4: START: Read of master.txt
[Sun Apr 12 19:21:06 2026] Thread-2: DONE: Read master.txt (SUCCESS)
[Sun Apr 12 19:21:06 2026] Thread-3: DONE: Read master.txt (SUCCESS)
[Sun Apr 12 19:21:06 2026] Thread-4: DONE: Read master.txt (SUCCESS)
[Sun Apr 12 19:21:07 2026] Thread-0: Dispatched worker thread for request.
[Sun Apr 12 19:21:07 2026] Thread-5: START: Meta of master.txt
[Sun Apr 12 19:21:07 2026] Thread-5: DONE: Meta (SUCCESS)
[Sun Apr 12 19:21:08 2026] Thread-0: Dispatched worker thread for request.
[Sun Apr 12 19:21:08 2026] Thread-6: START: Copy master.txt to copy_of_master.txt
[Sun Apr 12 19:21:08 2026] Thread-6: DONE: Copy (SUCCESS)
[Sun Apr 12 19:21:10 2026] Thread-0: Dispatched worker thread for request.
[Sun Apr 12 19:21:10 2026] Thread-7: START: Rename copy_of_master.txt to final_test.txt
[Sun Apr 12 19:21:10 2026] Thread-7: DONE: Rename (SUCCESS)
[Sun Apr 12 19:21:12 2026] Thread-0: Dispatched worker thread for request.
[Sun Apr 12 19:21:12 2026] Thread-8: START: Delete master.txt
[Sun Apr 12 19:21:12 2026] Thread-8: DONE: Delete master.txt (SUCCESS)
[Sun Apr 12 19:24:12 2026] Thread-0: Dispatched worker thread for request.
[Sun Apr 12 19:24:12 2026] Thread-1: START: Write to master.txt
[Sun Apr 12 19:24:13 2026] Thread-1: DONE: Write to master.txt (SUCCESS)
[Sun Apr 12 19:24:14 2026] Thread-0: Dispatched worker thread for request.
[Sun Apr 12 19:24:14 2026] Thread-2: START: Read of master.txt
[Sun Apr 12 19:24:14 2026] Thread-0: Dispatched worker thread for request.
[Sun Apr 12 19:24:14 2026] Thread-3: START: Read of master.txt
[Sun Apr 12 19:24:14 2026] Thread-0: Dispatched worker thread for request.
[Sun Apr 12 19:24:14 2026] Thread-4: START: Read of master.txt
[Sun Apr 12 19:24:16 2026] Thread-2: DONE: Read master.txt (SUCCESS)
[Sun Apr 12 19:24:16 2026] Thread-3: DONE: Read master.txt (SUCCESS)
[Sun Apr 12 19:24:16 2026] Thread-4: DONE: Read master.txt (SUCCESS)
[Sun Apr 12 19:24:17 2026] Thread-0: Dispatched worker thread for request.
[Sun Apr 12 19:24:17 2026] Thread-5: START: Meta of master.txt
[Sun Apr 12 19:24:17 2026] Thread-5: DONE: Meta (SUCCESS)
[Sun Apr 12 19:24:18 2026] Thread-0: Dispatched worker thread for request.
[Sun Apr 12 19:24:18 2026] Thread-6: START: Copy master.txt to copy_of_master.txt
[Sun Apr 12 19:24:18 2026] Thread-6: DONE: Copy (SUCCESS)
[Sun Apr 12 19:24:20 2026] Thread-0: Dispatched worker thread for request.
[Sun Apr 12 19:24:20 2026] Thread-7: START: Rename copy_of_master.txt to final_test.txt
[Sun Apr 12 19:24:20 2026] Thread-7: DONE: Rename (SUCCESS)
[Sun Apr 12 19:24:22 2026] Thread-0: Dispatched worker thread for request.
[Sun Apr 12 19:24:22 2026] Thread-8: START: Delete master.txt
[Sun Apr 12 19:24:22 2026] Thread-8: DONE: Delete master.txt (SUCCESS)
[Sun Apr 12 19:26:36 2026] Thread-0: Dispatched worker thread for request.
[Sun Apr 12 19:26:36 2026] Thread-1: START: Write to master.txt
[Sun Apr 12 19:26:37 2026] Thread-0: Dispatched worker thread for request.
[Sun Apr 12 19:26:37 2026] Thread-2: START: Compressing master.txt
[Sun Apr 12 19:26:37 2026] Thread-1: DONE: Write to master.txt (SUCCESS)
[Sun Apr 12 19:26:37 2026] Thread-2: DONE: Compression (SUCCESS)
[Sun Apr 12 19:26:39 2026] Thread-0: Dispatched worker thread for request.
[Sun Apr 12 19:26:39 2026] Thread-3: START: Decompressing master.txt.gz
[Sun Apr 12 19:26:39 2026] Thread-3: DONE: Decompression (SUCCESS)
[Sun Apr 12 19:26:41 2026] Thread-0: Dispatched worker thread for request.
[Sun Apr 12 19:26:41 2026] Thread-4: START: Read of master.txt
[Sun Apr 12 19:26:43 2026] Thread-0: Dispatched worker thread for request.
[Sun Apr 12 19:26:43 2026] Thread-5: START: Delete master.txt
[Sun Apr 12 19:26:43 2026] Thread-4: DONE: Read master.txt (SUCCESS)
[Sun Apr 12 19:26:43 2026] Thread-5: DONE: Delete master.txt (SUCCESS)
[Sun Apr 12 19:26:43 2026] Thread-0: Dispatched worker thread for request.
[Sun Apr 12 19:26:43 2026] Thread-6: START: Delete master.txt.gz
[Sun Apr 12 19:26:43 2026] Thread-6: DONE: Delete master.txt.gz (SUCCESS)
[Sun Apr 12 19:27:39 2026] Thread-0: Dispatched worker thread for request.
[Sun Apr 12 19:27:39 2026] Thread-7: START: Write to master.txt
[Sun Apr 12 19:27:40 2026] Thread-0: Dispatched worker thread for request.
[Sun Apr 12 19:27:40 2026] Thread-8: START: Compressing master.txt
[Sun Apr 12 19:27:40 2026] Thread-7: DONE: Write to master.txt (SUCCESS)
[Sun Apr 12 19:27:40 2026] Thread-8: DONE: Compression (SUCCESS)
[Sun Apr 12 19:27:42 2026] Thread-0: Dispatched worker thread for request.
[Sun Apr 12 19:27:42 2026] Thread-9: START: Decompressing master.txt.gz
[Sun Apr 12 19:27:42 2026] Thread-9: DONE: Decompression (SUCCESS)
[Sun Apr 12 19:27:44 2026] Thread-0: Dispatched worker thread for request.
[Sun Apr 12 19:27:44 2026] Thread-10: START: Read of master.txt
[Sun Apr 12 19:27:46 2026] Thread-0: Dispatched worker thread for request.
[Sun Apr 12 19:27:46 2026] Thread-11: START: Delete master.txt
[Sun Apr 12 19:27:46 2026] Thread-10: DONE: Read master.txt (SUCCESS)
[Sun Apr 12 19:27:46 2026] Thread-11: DONE: Delete master.txt (SUCCESS)
[Sun Apr 12 19:27:46 2026] Thread-0: Dispatched worker thread for request.
[Sun Apr 12 19:27:46 2026] Thread-12: START: Delete master.txt.gz
[Sun Apr 12 19:27:46 2026] Thread-12: DONE: Delete master.txt.gz (SUCCESS)
[Sun Apr 12 19:44:44 2026] Thread-0: Dispatched worker thread for request.
[Sun Apr 12 19:44:44 2026] Thread-1: START: Write to master.txt
[Sun Apr 12 19:44:45 2026] Thread-0: Dispatched worker thread for request.
[Sun Apr 12 19:44:45 2026] Thread-2: START: Compressing master.txt
[Sun Apr 12 19:44:45 2026] Thread-1: DONE: Write to master.txt (SUCCESS)
[Sun Apr 12 19:44:45 2026] Thread-2: DONE: Compression (SUCCESS)
[Sun Apr 12 19:44:47 2026] Thread-0: Dispatched worker thread for request.
[Sun Apr 12 19:44:47 2026] Thread-3: START: Decompressing master.txt.gz
[Sun Apr 12 19:44:47 2026] Thread-3: DONE: Decompression (SUCCESS)
[Sun Apr 12 19:44:49 2026] Thread-0: Dispatched worker thread for request.
[Sun Apr 12 19:44:49 2026] Thread-4: START: Read of master.txt
[Sun Apr 12 19:44:52 2026] Thread-0: Dispatched worker thread for request.
[Sun Apr 12 19:44:52 2026] Thread-5: START: Delete master.txt
[Sun Apr 12 19:44:52 2026] Thread-4: DONE: Read master.txt (SUCCESS)
[Sun Apr 12 19:44:52 2026] Thread-5: DONE: Delete master.txt (SUCCESS)
[Sun Apr 12 19:44:52 2026] Thread-0: Dispatched worker thread for request.
[Sun Apr 12 19:44:52 2026] Thread-6: START: Delete master.txt.gz
[Sun Apr 12 19:44:52 2026] Thread-6: DONE: Delete master.txt.gz (SUCCESS)
